2025-08-05 15:40:20 - Starting upload processing
2025-08-05 15:40:20 - File validated: users.xlsx
2025-08-05 15:40:20 - Excel file loaded. Row count: 26
2025-08-05 15:40:20 - Inserted row 0: Username 'tabhita'
2025-08-05 15:40:21 - Inserted row 1: Username 'yuhanidza'
2025-08-05 15:40:21 - Inserted row 2: Username 'safwan'
2025-08-05 15:40:21 - Inserted row 3: Username 'ghina'
2025-08-05 15:40:22 - Inserted row 4: Username 'firman'
2025-08-05 15:40:22 - Inserted row 5: Username 'ryan'
2025-08-05 15:40:22 - Inserted row 6: Username 'yuyun'
2025-08-05 15:40:23 - Inserted row 7: Username 'putri'
2025-08-05 15:40:23 - Inserted row 8: Username 'haikal'
2025-08-05 15:40:23 - Inserted row 9: Username 'navisa'
2025-08-05 15:40:23 - Inserted row 10: Username 'ganang'
2025-08-05 15:40:24 - Inserted row 11: Username 'bima'
2025-08-05 15:40:24 - Inserted row 12: Username 'fitri'
2025-08-05 15:40:24 - Inserted row 13: Username 'caesar'
2025-08-05 15:40:25 - Inserted row 14: Username 'nurraga'
2025-08-05 15:40:25 - Inserted row 15: Username 'alesha'
2025-08-05 15:40:25 - Inserted row 16: Username 'ardy'
2025-08-05 15:40:25 - Inserted row 17: Username 'faeyza'
2025-08-05 15:40:26 - Inserted row 18: Username 'nafis'
2025-08-05 15:40:26 - Inserted row 19: Username 'catur'
2025-08-05 15:40:26 - Inserted row 20: Username 'agha'
2025-08-05 15:40:27 - Inserted row 21: Username 'insani'
2025-08-05 15:40:27 - Inserted row 22: Username 'agata'
2025-08-05 15:40:27 - Inserted row 23: Username 'pradipta'
2025-08-05 15:40:28 - Inserted row 24: Username 'giza'
2025-08-05 15:40:28 - Upload completed. Inserted 25 records
2025-08-05 15:47:26 - Starting upload processing
2025-08-05 15:47:26 - File validated: users.xlsx
2025-08-05 15:47:26 - Excel file loaded. Row count: 49
2025-08-05 15:47:26 - Inserted row 0: Username 'adiyatma'
2025-08-05 15:47:27 - Inserted row 1: Username 'ainun'
2025-08-05 15:47:27 - Inserted row 2: Username 'asmita'
2025-08-05 15:47:27 - Inserted row 3: Username 'abid'
2025-08-05 15:47:27 - Inserted row 4: Username 'anjani'
2025-08-05 15:47:28 - Inserted row 5: Username 'safira'
2025-08-05 15:47:28 - Skipping row 6: Username 'khaira' already exists
2025-08-05 15:47:28 - Inserted row 7: Username 'daud'
2025-08-05 15:47:29 - Inserted row 8: Username 'mufid'
2025-08-05 15:47:29 - Inserted row 9: Username 'muhammad'
2025-08-05 15:47:29 - Inserted row 10: Username 'diina'
2025-08-05 15:47:30 - Inserted row 11: Username 'shafeea'
2025-08-05 15:47:30 - Inserted row 12: Username 'ghozi'
2025-08-05 15:47:30 - Inserted row 13: Username 'dewi'
2025-08-05 15:47:30 - Inserted row 14: Username 'emilia'
2025-08-05 15:47:31 - Inserted row 15: Username 'irsyad'
2025-08-05 15:47:31 - Inserted row 16: Username 'cahya'
2025-08-05 15:47:31 - Inserted row 17: Username 'shubhi'
2025-08-05 15:47:32 - Inserted row 18: Username 'rizky'
2025-08-05 15:47:32 - Inserted row 19: Username 'agustin'
2025-08-05 15:47:32 - Inserted row 20: Username 'gifania'
2025-08-05 15:47:33 - Inserted row 21: Username 'annisa'
2025-08-05 15:47:33 - Inserted row 22: Username 'satrio'
2025-08-05 15:47:33 - Inserted row 23: Username 'anwar'
2025-08-05 15:47:33 - Inserted row 24: Username 'aalea'
2025-08-05 15:47:34 - Inserted row 25: Username 'zakia'
2025-08-05 15:47:34 - Inserted row 26: Username 'atha'
2025-08-05 15:47:34 - Inserted row 27: Username 'febriani'
2025-08-05 15:47:35 - Inserted row 28: Username 'septiyana'
2025-08-05 15:47:35 - Inserted row 29: Username 'hanifah'
2025-08-05 15:47:35 - Skipping row 30: Username 'aqila' already exists
2025-08-05 15:47:36 - Inserted row 31: Username 'fadly'
2025-08-05 15:47:36 - Inserted row 32: Username 'asyam'
2025-08-05 15:47:36 - Inserted row 33: Username 'jannah'
2025-08-05 15:47:36 - Inserted row 34: Username 'syarafana'
2025-08-05 15:47:37 - Inserted row 35: Username 'aqmar'
2025-08-05 15:47:37 - Inserted row 36: Username 'qonita'
2025-08-05 15:47:37 - Inserted row 37: Username 'fauzi'
2025-08-05 15:47:38 - Inserted row 38: Username 'hafidz'
2025-08-05 15:47:38 - Inserted row 39: Username 'indah'
2025-08-05 15:47:38 - Inserted row 40: Username 'raissa'
2025-08-05 15:47:39 - Inserted row 41: Username 'avriliyani'
2025-08-05 15:47:39 - Inserted row 42: Username 'khalif'
2025-08-05 15:47:39 - Inserted row 43: Username 'ramadani'
2025-08-05 15:47:39 - Inserted row 44: Username 'ardan'
2025-08-05 15:47:40 - Inserted row 45: Username 'qisya'
2025-08-05 15:47:40 - Inserted row 46: Username 'farhand'
2025-08-05 15:47:40 - Inserted row 47: Username 'syafida'
2025-08-05 15:47:40 - Upload completed. Inserted 46 records
2025-08-05 15:50:30 - Starting upload processing
2025-08-05 15:50:30 - File validated: users.xlsx
2025-08-05 15:50:30 - Excel file loaded. Row count: 71
2025-08-05 15:50:30 - Inserted row 0: Username 'zakaria'
2025-08-05 15:50:31 - Inserted row 1: Username 'firdaus'
2025-08-05 15:50:31 - Inserted row 2: Username 'bagaswara'
2025-08-05 15:50:31 - Inserted row 3: Username 'ammar'
2025-08-05 15:50:32 - Inserted row 4: Username 'myesha'
2025-08-05 15:50:32 - Inserted row 5: Username 'carlen'
2025-08-05 15:50:32 - Inserted row 6: Username 'pramudita'
2025-08-05 15:50:32 - Inserted row 7: Username 'abil'
2025-08-05 15:50:33 - Inserted row 8: Username 'enzo'
2025-08-05 15:50:33 - Inserted row 9: Username 'arlova'
2025-08-05 15:50:33 - Inserted row 10: Username 'hasna'
2025-08-05 15:50:34 - Inserted row 11: Username 'septi'
2025-08-05 15:50:34 - Inserted row 12: Username 'mahira'
2025-08-05 15:50:34 - Inserted row 13: Username 'aulya'
2025-08-05 15:50:35 - Inserted row 14: Username 'muflih'
2025-08-05 15:50:35 - Inserted row 15: Username 'rehan'
2025-08-05 15:50:35 - Inserted row 16: Username 'wisnu'
2025-08-05 15:50:35 - Skipping row 17: Username 'syakira' already exists
2025-08-05 15:50:36 - Inserted row 18: Username 'lantip'
2025-08-05 15:50:36 - Inserted row 19: Username 'zahra'
2025-08-05 15:50:36 - Inserted row 20: Username 'ibda'
2025-08-05 15:50:37 - Skipping row 21: Username 'rusyda' already exists
2025-08-05 15:50:37 - Inserted row 22: Username 'jeero'
2025-08-05 15:50:37 - Skipping row 23: Username 'nayla' already exists
2025-08-05 15:50:38 - Skipping row 24: Username 'bima' already exists
2025-08-05 15:50:38 - Inserted row 25: Username 'alisa'
2025-08-05 15:50:38 - Inserted row 26: Username 'aqylla'
2025-08-05 15:50:38 - Inserted row 27: Username 'anggoro'
2025-08-05 15:50:39 - Inserted row 28: Username 'auliya'
2025-08-05 15:50:39 - Inserted row 29: Username 'althaf'
2025-08-05 15:50:39 - Inserted row 30: Username 'azkayla'
2025-08-05 15:50:40 - Inserted row 31: Username 'adnan'
2025-08-05 15:50:40 - Inserted row 32: Username 'okta'
2025-08-05 15:50:40 - Inserted row 33: Username 'qairina'
2025-08-05 15:50:41 - Inserted row 34: Username 'ayu'
2025-08-05 15:50:41 - Inserted row 35: Username 'widhiadmono'
2025-08-05 15:50:41 - Inserted row 36: Username 'azqa'
2025-08-05 15:50:41 - Inserted row 37: Username 'syafiq'
2025-08-05 15:50:42 - Inserted row 38: Username 'areej'
2025-08-05 15:50:42 - Inserted row 39: Username 'nabila'
2025-08-05 15:50:42 - Inserted row 40: Username 'kresna'
2025-08-05 15:50:43 - Inserted row 41: Username 'rafqa'
2025-08-05 15:50:43 - Inserted row 42: Username 'azalea'
2025-08-05 15:50:43 - Inserted row 43: Username 'adha'
2025-08-05 15:50:44 - Skipping row 44: Username 'khanza' already exists
2025-08-05 15:50:44 - Inserted row 45: Username 'zulfi'
2025-08-05 15:50:44 - Skipping row 46: Username 'myesha' already exists
2025-08-05 15:50:44 - Inserted row 47: Username 'rayyan'
2025-08-05 15:50:45 - Inserted row 48: Username 'uzma'
2025-08-05 15:50:45 - Inserted row 49: Username 'yuri'
2025-08-05 15:50:45 - Inserted row 50: Username 'abdillah'
2025-08-05 15:50:46 - Skipping row 51: Username 'aulia' already exists
2025-08-05 15:50:46 - Inserted row 52: Username 'reynand'
2025-08-05 15:50:46 - Skipping row 53: Username 'ayu' already exists
2025-08-05 15:50:46 - Skipping row 54: Username 'pradipta' already exists
2025-08-05 15:50:47 - Inserted row 55: Username 'saktia'
2025-08-05 15:50:47 - Inserted row 56: Username 'annisya'
2025-08-05 15:50:47 - Inserted row 57: Username 'yumna'
2025-08-05 15:50:48 - Inserted row 58: Username 'desiyana'
2025-08-05 15:50:48 - Inserted row 59: Username 'cesaria'
2025-08-05 15:50:48 - Inserted row 60: Username 'charlista'
2025-08-05 15:50:49 - Inserted row 61: Username 'rima'
2025-08-05 15:50:49 - Inserted row 62: Username 'sarief'
2025-08-05 15:50:49 - Inserted row 63: Username 'nailal'
2025-08-05 15:50:49 - Inserted row 64: Username 'ismail'
2025-08-05 15:50:50 - Inserted row 65: Username 'ilyasa'
2025-08-05 15:50:50 - Skipping row 66: Username 'tara' already exists
2025-08-05 15:50:50 - Inserted row 67: Username 'khalia'
2025-08-05 15:50:51 - Inserted row 68: Username 'firilia'
2025-08-05 15:50:51 - Inserted row 69: Username 'zhairha'
2025-08-05 15:50:51 - Upload completed. Inserted 60 records
